[2017-05-02 19:57:01]	[INFO]	out path (/home/pangliang/kaggle-quora-question-pairs//data//out/2017-05-02_19-57-01/) created 
[2017-05-02 19:57:02]	[INFO]	load index done, len(index)=242574
[2017-05-02 19:57:02]	[INFO]	load vector done. length=404290
[2017-05-02 19:57:02]	[INFO]	load train features from index(0)
[2017-05-02 19:57:02]	[INFO]	load npz feature file done (/home/pangliang/kaggle-quora-question-pairs//data//feature//question_pair//my_word_match_share.train.smat)
[2017-05-02 19:57:02]	[INFO]	load npz feature file done (/home/pangliang/kaggle-quora-question-pairs//data//feature//question_pair//my_tfidf_word_match_share.train.smat)
[2017-05-02 19:57:02]	[INFO]	merge col done, shape=(404290,2)
[2017-05-02 19:57:02]	[INFO]	load npz feature file done (/home/pangliang/kaggle-quora-question-pairs//data//feature//question_pair//len_diff_rate.train.smat)
[2017-05-02 19:57:02]	[INFO]	merge col done, shape=(404290,3)
[2017-05-02 19:57:03]	[INFO]	load npz feature file done (/home/pangliang/kaggle-quora-question-pairs//data//feature//question_pair//len_diff.train.smat)
[2017-05-02 19:57:03]	[INFO]	merge col done, shape=(404290,4)
[2017-05-02 19:57:03]	[INFO]	load npz feature file done (/home/pangliang/kaggle-quora-question-pairs//data//feature//question_pair//dside_word_power.train.smat)
[2017-05-02 19:57:04]	[INFO]	merge col done, shape=(404290,31)
[2017-05-02 19:57:08]	[INFO]	load npz feature file done (/home/pangliang/kaggle-quora-question-pairs//data//feature//question_pair//rate_by_dside_word_power.train.smat)
[2017-05-02 19:57:08]	[INFO]	merge col done, shape=(404290,32)
[2017-05-02 19:57:12]	[INFO]	load npz feature file done (/home/pangliang/kaggle-quora-question-pairs//data//feature//question_pair//rate_by_oside_word_power.train.smat)
[2017-05-02 19:57:12]	[INFO]	merge col done, shape=(404290,33)
[2017-05-02 19:57:17]	[INFO]	load npz feature file done (/home/pangliang/kaggle-quora-question-pairs//data//feature//question_pair//f00_from_kaggle.train.smat)
[2017-05-02 19:57:17]	[INFO]	merge col done, shape=(404290,45)
[2017-05-02 19:57:23]	[INFO]	load npz feature file done (/home/pangliang/kaggle-quora-question-pairs//data//feature//question_pair//tree_parser.train.smat)
[2017-05-02 19:57:24]	[INFO]	merge col done, shape=(404290,57)
[2017-05-02 19:57:31]	[INFO]	load npz feature file done (/home/pangliang/kaggle-quora-question-pairs//data//feature//question_pair//ind_multi.train.smat)
[2017-05-02 19:57:32]	[INFO]	merge col done, shape=(404290,63)
[2017-05-02 19:57:44]	[INFO]	load npz feature file done (/home/pangliang/kaggle-quora-question-pairs//data//feature//question_pair//btm_100_50_train.train.smat)
[2017-05-02 19:57:48]	[INFO]	merge col done, shape=(404290,263)
[2017-05-02 19:58:25]	[INFO]	load npz feature file done (/home/pangliang/kaggle-quora-question-pairs//data//feature//question_pair//nmf_matrix_factorization_100dim.train.smat)
