[2017-04-27 11:15:59]	[INFO]	out path (/home/fanyixing/QuoraQP/kaggle-quora-question-pairs//data//out/2017-04-27_11-15-59/) created 
[2017-04-27 11:15:59]	[INFO]	load index done, len(index)=242574
[2017-04-27 11:16:00]	[INFO]	load vector done. length=404290
[2017-04-27 11:16:01]	[INFO]	load npz feature file done (/home/fanyixing/QuoraQP/kaggle-quora-question-pairs//data//feature//question_pair//md5_16ec7eb6dd3a6773e8340ae18285e0d9.smat)
[2017-04-27 11:16:01]	[INFO]	load train features from index(3)
[2017-04-27 11:16:02]	[INFO]	row sample done, shape=(242574,103)
[2017-04-27 11:16:02]	[INFO]	training set generation done
[2017-04-27 11:16:02]	[INFO]	load index done, len(index)=80858
[2017-04-27 11:16:03]	[INFO]	row sample done, shape=(80858,103)
[2017-04-27 11:16:03]	[INFO]	validation set generation done
[2017-04-27 11:16:03]	[INFO]	load index done, len(index)=80858
[2017-04-27 11:16:03]	[INFO]	row sample done, shape=(80858,103)
[2017-04-27 11:16:03]	[INFO]	test set generation done
[Parallel(n_jobs=10)]: Done   2 out of  10 | elapsed:  1.1min remaining:  4.4min
[Parallel(n_jobs=10)]: Done  10 out of  10 | elapsed:  1.2min finished
[2017-04-27 11:17:17]	[INFO]	params={'warm_start': False, 'oob_score': False, 'n_jobs': 10, 'verbose': 1, 'max_leaf_nodes': None, 'bootstrap': True, 'min_samples_leaf': 1, 'n_estimators': 10, 'min_samples_split': 2, 'min_weight_fraction_leaf': 0, 'criterion': 'gini', 'random_state': 11, 'min_impurity_split': 7e-07, 'max_features': 'auto', 'max_depth': None, 'class_weight': None}
[Parallel(n_jobs=10)]: Done   2 out of  10 | elapsed:    0.3s remaining:    1.1s
[Parallel(n_jobs=10)]: Done  10 out of  10 | elapsed:    0.3s finished
[Parallel(n_jobs=10)]: Done   2 out of  10 | elapsed:    0.3s remaining:    1.3s
[Parallel(n_jobs=10)]: Done  10 out of  10 | elapsed:    0.4s finished
[Parallel(n_jobs=10)]: Done   2 out of  10 | elapsed:    0.1s remaining:    0.5s
[Parallel(n_jobs=10)]: Done  10 out of  10 | elapsed:    0.2s finished
[Parallel(n_jobs=10)]: Done   2 out of  10 | elapsed:    0.1s remaining:    0.4s
[Parallel(n_jobs=10)]: Done  10 out of  10 | elapsed:    0.2s finished
[[ 0.9  0.1]
 [ 1.   0. ]
 [ 0.2  0.8]
 [ 0.2  0.8]
 [ 0.7  0.3]
 [ 0.4  0.6]
 [ 0.2  0.8]
 [ 0.3  0.7]
 [ 0.   1. ]
 [ 0.8  0.2]]
[2017-04-27 11:17:23]	[INFO]	save prediction file done (/home/fanyixing/QuoraQP/kaggle-quora-question-pairs//data//out/2017-04-27_11-15-59//pred//train_311.train.pred)
[2017-04-27 11:17:23]	[INFO]	Evaluate train data ====>
[2017-04-27 11:17:25]	[INFO]	Entropy loss : 0.169525 ...
[2017-04-27 11:17:26]	[INFO]	save prediction file done (/home/fanyixing/QuoraQP/kaggle-quora-question-pairs//data//out/2017-04-27_11-15-59//pred//valid_311.train.pred)
[2017-04-27 11:17:26]	[INFO]	Evaluate valid data ====>
[2017-04-27 11:17:26]	[INFO]	Entropy loss : 0.627172 ...
[2017-04-27 11:17:27]	[INFO]	save prediction file done (/home/fanyixing/QuoraQP/kaggle-quora-question-pairs//data//out/2017-04-27_11-15-59//pred//test_311.train.pred)
[2017-04-27 11:17:27]	[INFO]	Evaluate test data ====>
[2017-04-27 11:17:27]	[INFO]	Entropy loss : 0.623919 ...
